{"/Users/andydale/work/andy-dale-profile/server/db.js": {"path":"/Users/andydale/work/andy-dale-profile/server/db.js","statementMap":{"0":{"start":{"line":1,"column":14},"end":{"line":1,"column":31}},"1":{"start":{"line":2,"column":0},"end":{"line":2,"column":27}},"2":{"start":{"line":7,"column":13},"end":{"line":15,"column":2}},"3":{"start":{"line":18,"column":0},"end":{"line":18,"column":32}}},"fnMap":{},"branchMap":{},"s":{"0":3,"1":3,"2":3,"3":3},"f":{},"b":{},"_coverageSchema":"1a1c01bbd47fc00a2c39e90264f33305004495a9","hash":"20d6ffd7375178bbb23c0b5badb3c81f0f66b5ef"}
,"/Users/andydale/work/andy-dale-profile/server/managers/profile.js": {"path":"/Users/andydale/work/andy-dale-profile/server/managers/profile.js","statementMap":{"0":{"start":{"line":1,"column":11},"end":{"line":1,"column":27}},"1":{"start":{"line":4,"column":19},"end":{"line":43,"column":1}},"2":{"start":{"line":19,"column":14},"end":{"line":24,"column":3}},"3":{"start":{"line":26,"column":19},"end":{"line":40,"column":4}},"4":{"start":{"line":42,"column":2},"end":{"line":42,"column":25}},"5":{"start":{"line":46,"column":21},"end":{"line":54,"column":1}},"6":{"start":{"line":47,"column":14},"end":{"line":51,"column":3}},"7":{"start":{"line":52,"column":20},"end":{"line":52,"column":39}},"8":{"start":{"line":53,"column":2},"end":{"line":53,"column":17}},"9":{"start":{"line":57,"column":18},"end":{"line":65,"column":1}},"10":{"start":{"line":58,"column":14},"end":{"line":62,"column":3}},"11":{"start":{"line":63,"column":20},"end":{"line":63,"column":39}},"12":{"start":{"line":64,"column":2},"end":{"line":64,"column":17}},"13":{"start":{"line":68,"column":20},"end":{"line":93,"column":1}},"14":{"start":{"line":69,"column":14},"end":{"line":90,"column":3}},"15":{"start":{"line":91,"column":20},"end":{"line":91,"column":39}},"16":{"start":{"line":92,"column":2},"end":{"line":92,"column":17}},"17":{"start":{"line":96,"column":22},"end":{"line":99,"column":1}},"18":{"start":{"line":97,"column":14},"end":{"line":97,"column":56}},"19":{"start":{"line":98,"column":2},"end":{"line":98,"column":35}},"20":{"start":{"line":101,"column":0},"end":{"line":107,"column":2}}},"fnMap":{"0":{"name":"(anonymous_0)","decl":{"start":{"line":4,"column":19},"end":{"line":4,"column":20}},"loc":{"start":{"line":18,"column":6},"end":{"line":43,"column":1}},"line":18},"1":{"name":"(anonymous_1)","decl":{"start":{"line":46,"column":21},"end":{"line":46,"column":22}},"loc":{"start":{"line":46,"column":33},"end":{"line":54,"column":1}},"line":46},"2":{"name":"(anonymous_2)","decl":{"start":{"line":57,"column":18},"end":{"line":57,"column":19}},"loc":{"start":{"line":57,"column":30},"end":{"line":65,"column":1}},"line":57},"3":{"name":"(anonymous_3)","decl":{"start":{"line":68,"column":20},"end":{"line":68,"column":21}},"loc":{"start":{"line":68,"column":32},"end":{"line":93,"column":1}},"line":68},"4":{"name":"(anonymous_4)","decl":{"start":{"line":96,"column":22},"end":{"line":96,"column":23}},"loc":{"start":{"line":96,"column":43},"end":{"line":99,"column":1}},"line":96}},"branchMap":{},"s":{"0":2,"1":2,"2":7,"3":7,"4":7,"5":2,"6":2,"7":2,"8":2,"9":2,"10":1,"11":1,"12":1,"13":2,"14":4,"15":4,"16":4,"17":2,"18":8,"19":8,"20":2},"f":{"0":7,"1":2,"2":1,"3":4,"4":8},"b":{},"_coverageSchema":"1a1c01bbd47fc00a2c39e90264f33305004495a9","hash":"1741d4783fb86d8631f26ff81170f55793d731d7"}
}
