TN:
SF:server/db.js
FNF:0
FNH:0
DA:1,3
DA:2,3
DA:7,3
DA:18,3
LF:4
LH:4
BRF:0
BRH:0
end_of_record
TN:
SF:server/managers/profile.js
FN:4,(anonymous_0)
FN:46,(anonymous_1)
FN:57,(anonymous_2)
FN:68,(anonymous_3)
FN:96,(anonymous_4)
FNF:5
FNH:5
FNDA:7,(anonymous_0)
FNDA:2,(anonymous_1)
FNDA:1,(anonymous_2)
FNDA:4,(anonymous_3)
FNDA:8,(anonymous_4)
DA:1,2
DA:4,2
DA:19,7
DA:26,7
DA:42,7
DA:46,2
DA:47,2
DA:52,2
DA:53,2
DA:57,2
DA:58,1
DA:63,1
DA:64,1
DA:68,2
DA:69,4
DA:91,4
DA:92,4
DA:96,2
DA:97,8
DA:98,8
DA:101,2
LF:21
LH:21
BRF:0
BRH:0
end_of_record
